{"name": "test_register_success", "status": "broken", "statusDetails": {"message": "selenium.common.exceptions.NoAlertPresentException: Message: no such alert\n  (Session info: chrome=101.0.4951.67)\nStacktrace:\nBacktrace:\n\tOrdinal0 [0x0038B8F3+2406643]\n\tOrdinal0 [0x0031AF31+1945393]\n\tOrdinal0 [0x0020C610+837136]\n\tOrdinal0 [0x00205C18+810008]\n\tOrdinal0 [0x0021D1C8+905672]\n\tOrdinal0 [0x002542F4+1131252]\n\tOrdinal0 [0x0021D052+905298]\n\tOrdinal0 [0x00254096+1130646]\n\tOrdinal0 [0x0022E636+976438]\n\tOrdinal0 [0x0022F546+980294]\n\tGetHandleVerifier [0x005F9612+2498066]\n\tGetHandleVerifier [0x005EC920+2445600]\n\tGetHandleVerifier [0x00424F2A+579370]\n\tGetHandleVerifier [0x00423D36+574774]\n\tOrdinal0 [0x00321C0B+1973259]\n\tOrdinal0 [0x00326688+1992328]\n\tOrdinal0 [0x00326775+1992565]\n\tOrdinal0 [0x0032F8D1+2029777]\n\tBaseThreadInitThunk [0x76D2FA29+25]\n\tRtlGetAppContainerNamedObjectPath [0x778F7A7E+286]\n\tRtlGetAppContainerNamedObjectPath [0x778F7A4E+238]", "trace": "self = <Tests.test_Register.TestLogin object at 0x000002179BCEEB00>\n\n>   ???\n\nC:\\Users\\User\\PycharmProjects\\OOP-demo\\Tests\\test_Register.py:24: \n_ _ _ _ _ _ _ _ _ _ _ _ _ _ _ _ _ _ _ _ _ _ _ _ _ _ _ _ _ _ _ _ _ _ _ _ _ _ _ _\n..\\..\\AppData\\Local\\Programs\\Python\\Python310\\lib\\site-packages\\selenium\\webdriver\\remote\\switch_to.py:56: in alert\n    alert.text\n..\\..\\AppData\\Local\\Programs\\Python\\Python310\\lib\\site-packages\\selenium\\webdriver\\common\\alert.py:66: in text\n    return self.driver.execute(Command.W3C_GET_ALERT_TEXT)[\"value\"]\n..\\..\\AppData\\Local\\Programs\\Python\\Python310\\lib\\site-packages\\selenium\\webdriver\\remote\\webdriver.py:425: in execute\n    self.error_handler.check_response(response)\n_ _ _ _ _ _ _ _ _ _ _ _ _ _ _ _ _ _ _ _ _ _ _ _ _ _ _ _ _ _ _ _ _ _ _ _ _ _ _ _\n\nself = <selenium.webdriver.remote.errorhandler.ErrorHandler object at 0x000002179BD4C220>\nresponse = {'status': 404, 'value': '{\"value\":{\"error\":\"no such alert\",\"message\":\"no such alert\\\\n  (Session info: chrome=101.0.4...\\n\\\\tRtlGetAppContainerNamedObjectPath [0x778F7A7E+286]\\\\n\\\\tRtlGetAppContainerNamedObjectPath [0x778F7A4E+238]\\\\n\"}}'}\n\n    def check_response(self, response: Dict[str, Any]) -> None:\n        \"\"\"\n        Checks that a JSON response from the WebDriver does not have an error.\n    \n        :Args:\n         - response - The JSON response from the WebDriver server as a dictionary\n           object.\n    \n        :Raises: If the response contains an error message.\n        \"\"\"\n        status = response.get('status', None)\n        if not status or status == ErrorCode.SUCCESS:\n            return\n        value = None\n        message = response.get(\"message\", \"\")\n        screen: str = response.get(\"screen\", \"\")\n        stacktrace = None\n        if isinstance(status, int):\n            value_json = response.get('value', None)\n            if value_json and isinstance(value_json, str):\n                import json\n                try:\n                    value = json.loads(value_json)\n                    if len(value.keys()) == 1:\n                        value = value['value']\n                    status = value.get('error', None)\n                    if not status:\n                        status = value.get(\"status\", ErrorCode.UNKNOWN_ERROR)\n                        message = value.get(\"value\") or value.get(\"message\")\n                        if not isinstance(message, str):\n                            value = message\n                            message = message.get('message')\n                    else:\n                        message = value.get('message', None)\n                except ValueError:\n                    pass\n    \n        exception_class: Type[WebDriverException]\n        if status in ErrorCode.NO_SUCH_ELEMENT:\n            exception_class = NoSuchElementException\n        elif status in ErrorCode.NO_SUCH_FRAME:\n            exception_class = NoSuchFrameException\n        elif status in ErrorCode.NO_SUCH_SHADOW_ROOT:\n            exception_class = NoSuchShadowRootException\n        elif status in ErrorCode.NO_SUCH_WINDOW:\n            exception_class = NoSuchWindowException\n        elif status in ErrorCode.STALE_ELEMENT_REFERENCE:\n            exception_class = StaleElementReferenceException\n        elif status in ErrorCode.ELEMENT_NOT_VISIBLE:\n            exception_class = ElementNotVisibleException\n        elif status in ErrorCode.INVALID_ELEMENT_STATE:\n            exception_class = InvalidElementStateException\n        elif status in ErrorCode.INVALID_SELECTOR \\\n                or status in ErrorCode.INVALID_XPATH_SELECTOR \\\n                or status in ErrorCode.INVALID_XPATH_SELECTOR_RETURN_TYPER:\n            exception_class = InvalidSelectorException\n        elif status in ErrorCode.ELEMENT_IS_NOT_SELECTABLE:\n            exception_class = ElementNotSelectableException\n        elif status in ErrorCode.ELEMENT_NOT_INTERACTABLE:\n            exception_class = ElementNotInteractableException\n        elif status in ErrorCode.INVALID_COOKIE_DOMAIN:\n            exception_class = InvalidCookieDomainException\n        elif status in ErrorCode.UNABLE_TO_SET_COOKIE:\n            exception_class = UnableToSetCookieException\n        elif status in ErrorCode.TIMEOUT:\n            exception_class = TimeoutException\n        elif status in ErrorCode.SCRIPT_TIMEOUT:\n            exception_class = TimeoutException\n        elif status in ErrorCode.UNKNOWN_ERROR:\n            exception_class = WebDriverException\n        elif status in ErrorCode.UNEXPECTED_ALERT_OPEN:\n            exception_class = UnexpectedAlertPresentException\n        elif status in ErrorCode.NO_ALERT_OPEN:\n            exception_class = NoAlertPresentException\n        elif status in ErrorCode.IME_NOT_AVAILABLE:\n            exception_class = ImeNotAvailableException\n        elif status in ErrorCode.IME_ENGINE_ACTIVATION_FAILED:\n            exception_class = ImeActivationFailedException\n        elif status in ErrorCode.MOVE_TARGET_OUT_OF_BOUNDS:\n            exception_class = MoveTargetOutOfBoundsException\n        elif status in ErrorCode.JAVASCRIPT_ERROR:\n            exception_class = JavascriptException\n        elif status in ErrorCode.SESSION_NOT_CREATED:\n            exception_class = SessionNotCreatedException\n        elif status in ErrorCode.INVALID_ARGUMENT:\n            exception_class = InvalidArgumentException\n        elif status in ErrorCode.NO_SUCH_COOKIE:\n            exception_class = NoSuchCookieException\n        elif status in ErrorCode.UNABLE_TO_CAPTURE_SCREEN:\n            exception_class = ScreenshotException\n        elif status in ErrorCode.ELEMENT_CLICK_INTERCEPTED:\n            exception_class = ElementClickInterceptedException\n        elif status in ErrorCode.INSECURE_CERTIFICATE:\n            exception_class = InsecureCertificateException\n        elif status in ErrorCode.INVALID_COORDINATES:\n            exception_class = InvalidCoordinatesException\n        elif status in ErrorCode.INVALID_SESSION_ID:\n            exception_class = InvalidSessionIdException\n        elif status in ErrorCode.UNKNOWN_METHOD:\n            exception_class = UnknownMethodException\n        else:\n            exception_class = WebDriverException\n        if not value:\n            value = response['value']\n        if isinstance(value, str):\n            raise exception_class(value)\n        if message == \"\" and 'message' in value:\n            message = value['message']\n    \n        screen = None  # type: ignore[assignment]\n        if 'screen' in value:\n            screen = value['screen']\n    \n        stacktrace = None\n        st_value = value.get('stackTrace') or value.get('stacktrace')\n        if st_value:\n            if isinstance(st_value, str):\n                stacktrace = st_value.split('\\n')\n            else:\n                stacktrace = []\n                try:\n                    for frame in st_value:\n                        line = self._value_or_default(frame, 'lineNumber', '')\n                        file = self._value_or_default(frame, 'fileName', '<anonymous>')\n                        if line:\n                            file = \"%s:%s\" % (file, line)\n                        meth = self._value_or_default(frame, 'methodName', '<anonymous>')\n                        if 'className' in frame:\n                            meth = \"%s.%s\" % (frame['className'], meth)\n                        msg = \"    at %s (%s)\"\n                        msg = msg % (meth, file)\n                        stacktrace.append(msg)\n                except TypeError:\n                    pass\n        if exception_class == UnexpectedAlertPresentException:\n            alert_text = None\n            if 'data' in value:\n                alert_text = value['data'].get('text')\n            elif 'alert' in value:\n                alert_text = value['alert'].get('text')\n            raise exception_class(message, screen, stacktrace, alert_text)  # type: ignore[call-arg]  # mypy is not smart enough here\n>       raise exception_class(message, screen, stacktrace)\nE       selenium.common.exceptions.NoAlertPresentException: Message: no such alert\nE         (Session info: chrome=101.0.4951.67)\nE       Stacktrace:\nE       Backtrace:\nE       \tOrdinal0 [0x0038B8F3+2406643]\nE       \tOrdinal0 [0x0031AF31+1945393]\nE       \tOrdinal0 [0x0020C610+837136]\nE       \tOrdinal0 [0x00205C18+810008]\nE       \tOrdinal0 [0x0021D1C8+905672]\nE       \tOrdinal0 [0x002542F4+1131252]\nE       \tOrdinal0 [0x0021D052+905298]\nE       \tOrdinal0 [0x00254096+1130646]\nE       \tOrdinal0 [0x0022E636+976438]\nE       \tOrdinal0 [0x0022F546+980294]\nE       \tGetHandleVerifier [0x005F9612+2498066]\nE       \tGetHandleVerifier [0x005EC920+2445600]\nE       \tGetHandleVerifier [0x00424F2A+579370]\nE       \tGetHandleVerifier [0x00423D36+574774]\nE       \tOrdinal0 [0x00321C0B+1973259]\nE       \tOrdinal0 [0x00326688+1992328]\nE       \tOrdinal0 [0x00326775+1992565]\nE       \tOrdinal0 [0x0032F8D1+2029777]\nE       \tBaseThreadInitThunk [0x76D2FA29+25]\nE       \tRtlGetAppContainerNamedObjectPath [0x778F7A7E+286]\nE       \tRtlGetAppContainerNamedObjectPath [0x778F7A4E+238]\n\n..\\..\\AppData\\Local\\Programs\\Python\\Python310\\lib\\site-packages\\selenium\\webdriver\\remote\\errorhandler.py:247: NoAlertPresentException"}, "steps": [{"name": "test_register_success", "status": "broken", "statusDetails": {"message": "selenium.common.exceptions.NoAlertPresentException: Message: no such alert\n  (Session info: chrome=101.0.4951.67)\nStacktrace:\nBacktrace:\n\tOrdinal0 [0x0038B8F3+2406643]\n\tOrdinal0 [0x0031AF31+1945393]\n\tOrdinal0 [0x0020C610+837136]\n\tOrdinal0 [0x00205C18+810008]\n\tOrdinal0 [0x0021D1C8+905672]\n\tOrdinal0 [0x002542F4+1131252]\n\tOrdinal0 [0x0021D052+905298]\n\tOrdinal0 [0x00254096+1130646]\n\tOrdinal0 [0x0022E636+976438]\n\tOrdinal0 [0x0022F546+980294]\n\tGetHandleVerifier [0x005F9612+2498066]\n\tGetHandleVerifier [0x005EC920+2445600]\n\tGetHandleVerifier [0x00424F2A+579370]\n\tGetHandleVerifier [0x00423D36+574774]\n\tOrdinal0 [0x00321C0B+1973259]\n\tOrdinal0 [0x00326688+1992328]\n\tOrdinal0 [0x00326775+1992565]\n\tOrdinal0 [0x0032F8D1+2029777]\n\tBaseThreadInitThunk [0x76D2FA29+25]\n\tRtlGetAppContainerNamedObjectPath [0x778F7A7E+286]\n\tRtlGetAppContainerNamedObjectPath [0x778F7A4E+238]\n\n", "trace": "  File \"C:\\Users\\User\\AppData\\Local\\Programs\\Python\\Python310\\lib\\site-packages\\allure_commons\\_allure.py\", line 172, in impl\n    return func(*a, **kw)\n  File \"C:\\Users\\User\\PycharmProjects\\OOP-demo\\Tests\\test_Register.py\", line 24, in test_register_success\n  File \"C:\\Users\\User\\AppData\\Local\\Programs\\Python\\Python310\\lib\\site-packages\\selenium\\webdriver\\remote\\switch_to.py\", line 56, in alert\n    alert.text\n  File \"C:\\Users\\User\\AppData\\Local\\Programs\\Python\\Python310\\lib\\site-packages\\selenium\\webdriver\\common\\alert.py\", line 66, in text\n    return self.driver.execute(Command.W3C_GET_ALERT_TEXT)[\"value\"]\n  File \"C:\\Users\\User\\AppData\\Local\\Programs\\Python\\Python310\\lib\\site-packages\\selenium\\webdriver\\remote\\webdriver.py\", line 425, in execute\n    self.error_handler.check_response(response)\n  File \"C:\\Users\\User\\AppData\\Local\\Programs\\Python\\Python310\\lib\\site-packages\\selenium\\webdriver\\remote\\errorhandler.py\", line 247, in check_response\n    raise exception_class(message, screen, stacktrace)\n"}, "steps": [{"name": "enter_f_name", "status": "passed", "parameters": [{"name": "first_name", "value": "'rivka'"}], "start": 1653405750655, "stop": 1653405750835}, {"name": "enter_lastname", "status": "passed", "parameters": [{"name": "last_name", "value": "'Gasasa'"}], "start": 1653405750835, "stop": 1653405750995}, {"name": "enter_email", "status": "passed", "parameters": [{"name": "email", "value": "'Gasasa255@gmail.com'"}], "start": 1653405750995, "stop": 1653405751160}, {"name": "enter_password", "status": "passed", "parameters": [{"name": "password", "value": "'123456'"}], "start": 1653405751160, "stop": 1653405751325}, {"name": "enter_age", "status": "passed", "parameters": [{"name": "age", "value": "'28'"}], "start": 1653405751326, "stop": 1653405751465}, {"name": "enter_pic", "status": "passed", "parameters": [{"name": "pic", "value": "'dad1b51e-fa16-4f21-bdd4-9f027ad7d9bf.jpg'"}], "start": 1653405751465, "stop": 1653405751783}, {"name": "click_register", "status": "passed", "start": 1653405751783, "stop": 1653405751979}], "start": 1653405750655, "stop": 1653405751986}], "attachments": [{"name": "log", "source": "b3535e98-9e53-4328-829c-0a5219c95149-attachment.txt", "type": "text/plain"}], "start": 1653405750654, "stop": 1653405752043, "uuid": "49693e57-2e1a-4e44-8cc5-454522d710c4", "historyId": "c7eb194862f4c3d5c924183e50a38cc0", "testCaseId": "cfbbef3267436b103a6b8ff843af0856", "fullName": "Tests.test_Register.TestLogin#test_register_success", "labels": [{"name": "tag", "value": "@pytest.mark.usefixtures('set_up')"}, {"name": "parentSuite", "value": "Tests"}, {"name": "suite", "value": "test_Register"}, {"name": "subSuite", "value": "TestLogin"}, {"name": "host", "value": "WINDOWS-L0RHJGT"}, {"name": "thread", "value": "15528-MainThread"}, {"name": "framework", "value": "pytest"}, {"name": "language", "value": "cpython3"}, {"name": "package", "value": "Tests.test_Register"}]}